2025-05-20 18:30:10,940 - __main__ - INFO - Sepsis Early Warning System Visualization Started
2025-05-20 18:30:10,941 - __main__ - INFO - Generating ROC curve...
2025-05-20 18:30:11,503 - __main__ - INFO - Generating risk trajectory chart...
2025-05-20 18:30:11,794 - __main__ - INFO - Generating confusion matrix...
2025-05-20 18:30:11,998 - __main__ - INFO - Generating feature importance chart...
2025-05-20 18:30:12,314 - __main__ - INFO - Generating HTML report...
2025-05-20 18:30:12,315 - __main__ - INFO - HTML report generated: results/sepsis_prediction_results.html
2025-05-20 18:30:12,315 - __main__ - INFO - Sepsis Early Warning System Visualization Completed
2025-05-20 18:43:37,099 - __main__ - INFO - Sepsis Early Warning System Visualization Started
2025-05-20 18:43:37,100 - __main__ - INFO - Generating ROC curve...
2025-05-20 18:43:37,642 - __main__ - INFO - Generating risk trajectory chart...
2025-05-20 18:43:37,930 - __main__ - INFO - Generating confusion matrix...
2025-05-20 18:43:38,138 - __main__ - INFO - Generating feature importance chart...
2025-05-20 18:43:38,407 - __main__ - INFO - Generating HTML report...
2025-05-20 18:43:38,408 - __main__ - INFO - HTML report generated: results/sepsis_prediction_results.html
2025-05-20 18:43:38,408 - __main__ - INFO - Sepsis Early Warning System Visualization Completed
2025-05-21 01:02:16,769 - __main__ - INFO - Sepsis Early Warning System Visualization Started
2025-05-21 01:02:16,770 - __main__ - INFO - Generating ROC curve...
2025-05-21 01:02:17,376 - __main__ - INFO - Generating risk trajectory chart...
2025-05-21 01:02:17,688 - __main__ - INFO - Generating confusion matrix...
2025-05-21 01:02:17,906 - __main__ - INFO - Generating feature importance chart...
2025-05-21 01:02:18,229 - __main__ - INFO - Generating HTML report...
2025-05-21 01:02:18,230 - __main__ - INFO - HTML report generated: results/sepsis_prediction_results.html
2025-05-21 01:02:18,230 - __main__ - INFO - Sepsis Early Warning System Visualization Completed
2025-05-21 01:04:29,925 - __main__ - INFO - Sepsis Early Warning System Visualization Started
2025-05-21 01:04:29,925 - __main__ - INFO - Generating ROC curve...
2025-05-21 01:04:30,230 - __main__ - INFO - Generating risk trajectory chart...
2025-05-21 01:04:30,538 - __main__ - INFO - Generating confusion matrix...
2025-05-21 01:04:30,749 - __main__ - INFO - Generating feature importance chart...
2025-05-21 01:04:31,044 - __main__ - INFO - Generating HTML report...
2025-05-21 01:04:31,044 - __main__ - INFO - HTML report generated: results/sepsis_prediction_results.html
2025-05-21 01:04:31,044 - __main__ - INFO - Sepsis Early Warning System Visualization Completed
