2025-05-25 00:47:36 - __main__ - INFO - 启动脓毒症早期预警系统，参数: {'data_dir': './data/processed/imputed_20250524_234625', 'max_samples': 3000, 'hidden_dim': 128, 'num_heads': 4, 'num_layers': 2, 'dropout': 0.1, 'batch_size': 32, 'lr': 0.001, 'epochs': 50, 'patience': 10, 'kg_embedding_dim': 64, 'kg_method': 'TransE', 'imputation_method': None, 'imputation_strategy': 'mean', 'knn_neighbors': 5, 'missing_threshold': 0.5, 'seed': 42, 'device': 'cuda', 'output_dir': './output', 'log_level': 'INFO'}
2025-05-25 00:47:36 - __main__ - INFO - 加载数据...
2025-05-25 00:47:36 - src.data_processor.data_loader - INFO - 从./data/processed/imputed_20250524_234625加载数据...
2025-05-25 00:47:36 - src.data_processor.data_loader - INFO - 找到患者数据文件: patients_imputed.csv
2025-05-25 00:47:36 - src.data_processor.data_loader - INFO - 加载了患者数据: 3000行
2025-05-25 00:47:36 - src.data_processor.data_loader - INFO - 找到生命体征数据文件: vitals_imputed.csv
2025-05-25 00:47:36 - src.data_processor.data_loader - INFO - 加载了生命体征数据: 1547行
2025-05-25 00:47:36 - src.data_processor.data_loader - INFO - 找到实验室值数据文件: labs_imputed.csv
2025-05-25 00:47:36 - src.data_processor.data_loader - INFO - 加载了实验室值数据: 1344行
2025-05-25 00:47:36 - src.data_processor.data_loader - INFO - 找到时间序列数据文件: timeseries_imputed.csv
2025-05-25 00:47:36 - src.data_processor.data_loader - INFO - 加载了时间序列数据: 2141行
2025-05-25 00:47:36 - src.data_processor.data_loader - INFO - 数据分割完成。训练集: 2100名患者, 验证集: 450名患者, 测试集: 450名患者
2025-05-25 00:47:36 - src.data_processor.data_loader - INFO - 列 creatinine 中的NaN和无穷大已替换为有效值
2025-05-25 00:47:36 - src.data_processor.data_loader - INFO - 列 chloride 中的NaN和无穷大已替换为有效值
2025-05-25 00:47:36 - src.data_processor.data_loader - WARNING - 无法将列 timestamp 转换为浮点数，使用默认序列: could not convert string to float: '2129-06-13 00:43:08'
2025-05-25 00:47:36 - src.data_processor.data_loader - WARNING - 无法将列 timestamp 转换为浮点数，使用默认序列: could not convert string to float: '2137-02-25 23:37:19'
2025-05-25 00:47:36 - src.data_processor.data_loader - WARNING - 无法将列 timestamp 转换为浮点数，使用默认序列: could not convert string to float: '2159-02-20 16:10:03'
2025-05-25 00:47:36 - src.data_processor.data_loader - WARNING - 无法将列 timestamp 转换为浮点数，使用默认序列: could not convert string to float: '2146-06-22 11:46:29'
2025-05-25 00:47:36 - src.data_processor.data_loader - WARNING - 无法将列 timestamp 转换为浮点数，使用默认序列: could not convert string to float: '2114-06-27 18:54:58'
2025-05-25 00:47:36 - src.data_processor.data_loader - WARNING - 无法将列 timestamp 转换为浮点数，使用默认序列: could not convert string to float: '2196-02-24 17:07:00'
2025-05-25 00:47:36 - src.data_processor.data_loader - WARNING - 无法将列 timestamp 转换为浮点数，使用默认序列: could not convert string to float: '2183-10-18 00:47:00'
2025-05-25 00:47:36 - src.data_processor.data_loader - WARNING - 无法将列 timestamp 转换为浮点数，使用默认序列: could not convert string to float: '2129-04-06 00:25:00'
2025-05-25 00:47:36 - src.data_processor.data_loader - WARNING - 无法将列 timestamp 转换为浮点数，使用默认序列: could not convert string to float: '2141-05-22 20:18:01'
2025-05-25 00:47:36 - src.data_processor.data_loader - WARNING - 无法将列 timestamp 转换为浮点数，使用默认序列: could not convert string to float: '2116-07-09 04:39:00'
2025-05-25 00:47:36 - src.data_processor.data_loader - WARNING - 无法将列 timestamp 转换为浮点数，使用默认序列: could not convert string to float: '2141-04-20 13:20:46'
2025-05-25 00:47:36 - src.data_processor.data_loader - WARNING - 无法将列 timestamp 转换为浮点数，使用默认序列: could not convert string to float: '2156-04-30 21:53:00'
2025-05-25 00:47:36 - src.data_processor.data_loader - WARNING - 无法将列 timestamp 转换为浮点数，使用默认序列: could not convert string to float: '2130-10-27 12:06:00'
2025-05-25 00:47:36 - src.data_processor.data_loader - WARNING - 无法将列 timestamp 转换为浮点数，使用默认序列: could not convert string to float: '2150-11-02 19:37:00'
2025-05-25 00:47:36 - src.data_processor.data_loader - WARNING - 无法将列 timestamp 转换为浮点数，使用默认序列: could not convert string to float: '2160-02-29 23:13:00'
2025-05-25 00:47:36 - src.data_processor.data_loader - WARNING - 无法将列 timestamp 转换为浮点数，使用默认序列: could not convert string to float: '2131-03-09 21:33:00'
2025-05-25 00:47:36 - src.data_processor.data_loader - WARNING - 无法将列 timestamp 转换为浮点数，使用默认序列: could not convert string to float: '2110-12-01 17:11:36'
2025-05-25 00:47:36 - src.data_processor.data_loader - WARNING - 无法将列 timestamp 转换为浮点数，使用默认序列: could not convert string to float: '2111-01-17 09:44:50'
2025-05-25 00:47:36 - src.data_processor.data_loader - WARNING - 无法将列 timestamp 转换为浮点数，使用默认序列: could not convert string to float: '2131-01-11 04:20:05'
2025-05-25 00:47:36 - src.data_processor.data_loader - WARNING - 无法将列 timestamp 转换为浮点数，使用默认序列: could not convert string to float: '2168-04-12 09:34:52'
2025-05-25 00:47:36 - src.data_processor.data_loader - WARNING - 无法将列 timestamp 转换为浮点数，使用默认序列: could not convert string to float: '2174-12-04 11:28:24'
2025-05-25 00:47:36 - src.data_processor.data_loader - WARNING - 无法将列 timestamp 转换为浮点数，使用默认序列: could not convert string to float: '2182-10-24 20:38:16'
2025-05-25 00:47:36 - src.data_processor.data_loader - WARNING - 无法将列 timestamp 转换为浮点数，使用默认序列: could not convert string to float: '2187-02-23 21:00:00'
2025-05-25 00:47:36 - src.data_processor.data_loader - WARNING - 无法将列 timestamp 转换为浮点数，使用默认序列: could not convert string to float: '2145-09-28 20:59:43'
2025-05-25 00:47:36 - src.data_processor.data_loader - WARNING - 无法将列 timestamp 转换为浮点数，使用默认序列: could not convert string to float: '2171-11-11 02:32:00'
2025-05-25 00:47:36 - src.data_processor.data_loader - WARNING - 无法将列 timestamp 转换为浮点数，使用默认序列: could not convert string to float: '2173-03-21 04:00:00'
2025-05-25 00:47:36 - src.data_processor.data_loader - WARNING - 无法将列 timestamp 转换为浮点数，使用默认序列: could not convert string to float: '2161-04-27 10:38:12'
2025-05-25 00:47:36 - src.data_processor.data_loader - WARNING - 无法将列 timestamp 转换为浮点数，使用默认序列: could not convert string to float: '2175-10-08 18:58:00'
2025-05-25 00:47:36 - src.data_processor.data_loader - WARNING - 无法将列 timestamp 转换为浮点数，使用默认序列: could not convert string to float: '2143-12-06 06:00:00'
2025-05-25 00:47:36 - src.data_processor.data_loader - WARNING - 无法将列 timestamp 转换为浮点数，使用默认序列: could not convert string to float: '2160-05-18 10:00:53'
2025-05-25 00:47:36 - src.data_processor.data_loader - WARNING - 无法将列 timestamp 转换为浮点数，使用默认序列: could not convert string to float: '2138-01-23 12:25:00'
2025-05-25 00:47:36 - src.data_processor.data_loader - WARNING - 无法将列 timestamp 转换为浮点数，使用默认序列: could not convert string to float: '2185-10-18 00:58:00'
2025-05-25 00:47:36 - src.data_processor.data_loader - WARNING - 无法将列 timestamp 转换为浮点数，使用默认序列: could not convert string to float: '2154-01-02 15:57:15'
2025-05-25 00:47:36 - src.data_processor.data_loader - WARNING - 无法将列 timestamp 转换为浮点数，使用默认序列: could not convert string to float: '2134-12-05 18:50:03'
2025-05-25 00:47:36 - src.data_processor.data_loader - WARNING - 无法将列 timestamp 转换为浮点数，使用默认序列: could not convert string to float: '2176-04-17 01:17:39'
2025-05-25 00:47:36 - src.data_processor.data_loader - WARNING - 无法将列 timestamp 转换为浮点数，使用默认序列: could not convert string to float: '2111-11-13 23:40:00'
2025-05-25 00:47:36 - src.data_processor.data_loader - WARNING - 无法将列 timestamp 转换为浮点数，使用默认序列: could not convert string to float: '2116-06-27 14:09:23'
2025-05-25 00:47:36 - src.data_processor.data_loader - WARNING - 无法将列 timestamp 转换为浮点数，使用默认序列: could not convert string to float: '2139-10-01 11:29:00'
2025-05-25 00:47:36 - src.data_processor.data_loader - WARNING - 无法将列 timestamp 转换为浮点数，使用默认序列: could not convert string to float: '2159-03-11 17:26:19'
2025-05-25 00:47:36 - src.data_processor.data_loader - WARNING - 无法将列 timestamp 转换为浮点数，使用默认序列: could not convert string to float: '2158-05-12 03:26:41'
2025-05-25 00:47:36 - src.data_processor.data_loader - WARNING - 无法将列 timestamp 转换为浮点数，使用默认序列: could not convert string to float: '2186-11-12 19:55:00'
2025-05-25 00:47:36 - src.data_processor.data_loader - WARNING - 无法将列 timestamp 转换为浮点数，使用默认序列: could not convert string to float: '2133-10-29 19:56:08'
2025-05-25 00:47:36 - src.data_processor.data_loader - WARNING - 无法将列 timestamp 转换为浮点数，使用默认序列: could not convert string to float: '2110-06-30 01:44:00'
2025-05-25 00:47:36 - src.data_processor.data_loader - WARNING - 无法将列 timestamp 转换为浮点数，使用默认序列: could not convert string to float: '2141-12-17 10:24:25'
2025-05-25 00:47:36 - src.data_processor.data_loader - WARNING - 无法将列 timestamp 转换为浮点数，使用默认序列: could not convert string to float: '2132-11-24 19:36:28'
2025-05-25 00:47:36 - src.data_processor.data_loader - WARNING - 无法将列 timestamp 转换为浮点数，使用默认序列: could not convert string to float: '2167-10-30 05:39:00'
2025-05-25 00:47:36 - src.data_processor.data_loader - WARNING - 无法将列 timestamp 转换为浮点数，使用默认序列: could not convert string to float: '2163-12-07 18:37:58'
2025-05-25 00:47:36 - src.data_processor.data_loader - WARNING - 无法将列 timestamp 转换为浮点数，使用默认序列: could not convert string to float: '2132-04-28 22:24:06'
2025-05-25 00:47:36 - src.data_processor.data_loader - WARNING - 无法将列 timestamp 转换为浮点数，使用默认序列: could not convert string to float: '2182-12-25 20:49:51'
2025-05-25 00:47:36 - src.data_processor.data_loader - WARNING - 无法将列 timestamp 转换为浮点数，使用默认序列: could not convert string to float: '2146-06-12 20:37:58'
2025-05-25 00:47:36 - src.data_processor.data_loader - WARNING - 无法将列 timestamp 转换为浮点数，使用默认序列: could not convert string to float: '2175-10-05 04:19:17'
2025-05-25 00:47:36 - src.data_processor.data_loader - WARNING - 无法将列 timestamp 转换为浮点数，使用默认序列: could not convert string to float: '2159-10-15 11:09:56'
2025-05-25 00:47:36 - src.data_processor.data_loader - WARNING - 无法将列 timestamp 转换为浮点数，使用默认序列: could not convert string to float: '2167-03-13 17:48:01'
2025-05-25 00:47:36 - src.data_processor.data_loader - WARNING - 无法将列 timestamp 转换为浮点数，使用默认序列: could not convert string to float: '2139-05-19 17:20:00'
2025-05-25 00:47:36 - src.data_processor.data_loader - WARNING - 无法将列 timestamp 转换为浮点数，使用默认序列: could not convert string to float: '2164-10-21 22:23:37'
2025-05-25 00:47:36 - src.data_processor.data_loader - WARNING - 无法将列 timestamp 转换为浮点数，使用默认序列: could not convert string to float: '2178-09-22 00:54:16'
2025-05-25 00:47:36 - src.data_processor.data_loader - WARNING - 无法将列 timestamp 转换为浮点数，使用默认序列: could not convert string to float: '2145-11-24 17:51:21'
2025-05-25 00:47:36 - src.data_processor.data_loader - WARNING - 无法将列 timestamp 转换为浮点数，使用默认序列: could not convert string to float: '2189-06-27 08:42:00'
2025-05-25 00:47:36 - src.data_processor.data_loader - WARNING - 无法将列 timestamp 转换为浮点数，使用默认序列: could not convert string to float: '2154-07-06 22:48:42'
2025-05-25 00:47:36 - src.data_processor.data_loader - WARNING - 无法将列 timestamp 转换为浮点数，使用默认序列: could not convert string to float: '2127-10-03 19:42:00'
2025-05-25 00:47:36 - src.data_processor.data_loader - WARNING - 无法将列 timestamp 转换为浮点数，使用默认序列: could not convert string to float: '2185-08-27 13:32:36'
2025-05-25 00:47:36 - src.data_processor.data_loader - WARNING - 无法将列 timestamp 转换为浮点数，使用默认序列: could not convert string to float: '2144-08-31 21:14:00'
2025-05-25 00:47:36 - src.data_processor.data_loader - WARNING - 无法将列 timestamp 转换为浮点数，使用默认序列: could not convert string to float: '2115-10-05 19:42:26'
2025-05-25 00:47:36 - src.data_processor.data_loader - WARNING - 无法将列 timestamp 转换为浮点数，使用默认序列: could not convert string to float: '2163-01-10 23:45:00'
2025-05-25 00:47:36 - src.data_processor.data_loader - WARNING - 无法将列 timestamp 转换为浮点数，使用默认序列: could not convert string to float: '2164-05-06 16:16:25'
2025-05-25 00:47:36 - src.data_processor.data_loader - WARNING - 无法将列 timestamp 转换为浮点数，使用默认序列: could not convert string to float: '2176-02-07 14:40:21'
2025-05-25 00:47:36 - src.data_processor.data_loader - WARNING - 无法将列 timestamp 转换为浮点数，使用默认序列: could not convert string to float: '2139-07-03 12:33:22'
2025-05-25 00:47:36 - src.data_processor.data_loader - WARNING - 无法将列 timestamp 转换为浮点数，使用默认序列: could not convert string to float: '2121-08-27 17:06:32'
2025-05-25 00:47:36 - src.data_processor.data_loader - WARNING - 无法将列 timestamp 转换为浮点数，使用默认序列: could not convert string to float: '2169-05-11 18:21:00'
2025-05-25 00:47:36 - src.data_processor.data_loader - WARNING - 无法将列 timestamp 转换为浮点数，使用默认序列: could not convert string to float: '2127-08-09 20:26:12'
2025-05-25 00:47:37 - src.data_processor.data_loader - WARNING - 无法将列 timestamp 转换为浮点数，使用默认序列: could not convert string to float: '2140-10-04 09:07:56'
2025-05-25 00:47:37 - src.data_processor.data_loader - WARNING - 无法将列 timestamp 转换为浮点数，使用默认序列: could not convert string to float: '2167-09-16 04:33:44'
2025-05-25 00:47:37 - src.data_processor.data_loader - WARNING - 无法将列 timestamp 转换为浮点数，使用默认序列: could not convert string to float: '2168-11-03 06:36:29'
2025-05-25 00:47:37 - src.data_processor.data_loader - WARNING - 无法将列 timestamp 转换为浮点数，使用默认序列: could not convert string to float: '2160-12-23 03:23:00'
2025-05-25 00:47:37 - src.data_processor.data_loader - WARNING - 无法将列 timestamp 转换为浮点数，使用默认序列: could not convert string to float: '2179-11-27 04:50:00'
2025-05-25 00:47:37 - src.data_processor.data_loader - WARNING - 无法将列 timestamp 转换为浮点数，使用默认序列: could not convert string to float: '2149-06-21 18:53:00'
2025-05-25 00:47:37 - src.data_processor.data_loader - WARNING - 无法将列 timestamp 转换为浮点数，使用默认序列: could not convert string to float: '2124-11-15 15:42:12'
2025-05-25 00:47:37 - src.data_processor.data_loader - WARNING - 无法将列 timestamp 转换为浮点数，使用默认序列: could not convert string to float: '2162-02-18 09:00:00'
2025-05-25 00:47:37 - src.data_processor.data_loader - WARNING - 无法将列 timestamp 转换为浮点数，使用默认序列: could not convert string to float: '2159-06-07 20:19:11'
2025-05-25 00:47:37 - src.data_processor.data_loader - INFO - 创建了SimpleSepsisDataset，包含1398名患者，1398条序列
2025-05-25 00:47:37 - src.data_processor.data_loader - INFO - 列 creatinine 中的NaN和无穷大已替换为有效值
2025-05-25 00:47:37 - src.data_processor.data_loader - INFO - 列 chloride 中的NaN和无穷大已替换为有效值
2025-05-25 00:47:37 - src.data_processor.data_loader - WARNING - 无法将列 timestamp 转换为浮点数，使用默认序列: could not convert string to float: '2154-01-02 15:57:15'
2025-05-25 00:47:37 - src.data_processor.data_loader - WARNING - 无法将列 timestamp 转换为浮点数，使用默认序列: could not convert string to float: '2141-04-20 13:20:46'
2025-05-25 00:47:37 - src.data_processor.data_loader - WARNING - 无法将列 timestamp 转换为浮点数，使用默认序列: could not convert string to float: '2129-06-13 00:43:08'
2025-05-25 00:47:37 - src.data_processor.data_loader - WARNING - 无法将列 timestamp 转换为浮点数，使用默认序列: could not convert string to float: '2174-12-04 11:28:24'
2025-05-25 00:47:37 - src.data_processor.data_loader - WARNING - 无法将列 timestamp 转换为浮点数，使用默认序列: could not convert string to float: '2146-06-22 11:46:29'
2025-05-25 00:47:37 - src.data_processor.data_loader - WARNING - 无法将列 timestamp 转换为浮点数，使用默认序列: could not convert string to float: '2131-03-09 21:33:00'
2025-05-25 00:47:37 - src.data_processor.data_loader - WARNING - 无法将列 timestamp 转换为浮点数，使用默认序列: could not convert string to float: '2159-02-20 16:10:03'
2025-05-25 00:47:37 - src.data_processor.data_loader - WARNING - 无法将列 timestamp 转换为浮点数，使用默认序列: could not convert string to float: '2160-05-18 10:00:53'
2025-05-25 00:47:37 - src.data_processor.data_loader - WARNING - 无法将列 timestamp 转换为浮点数，使用默认序列: could not convert string to float: '2156-04-30 21:53:00'
2025-05-25 00:47:37 - src.data_processor.data_loader - WARNING - 无法将列 timestamp 转换为浮点数，使用默认序列: could not convert string to float: '2130-10-27 12:06:00'
2025-05-25 00:47:37 - src.data_processor.data_loader - WARNING - 无法将列 timestamp 转换为浮点数，使用默认序列: could not convert string to float: '2150-11-02 19:37:00'
2025-05-25 00:47:37 - src.data_processor.data_loader - WARNING - 无法将列 timestamp 转换为浮点数，使用默认序列: could not convert string to float: '2134-12-05 18:50:03'
2025-05-25 00:47:37 - src.data_processor.data_loader - WARNING - 无法将列 timestamp 转换为浮点数，使用默认序列: could not convert string to float: '2196-02-24 17:07:00'
2025-05-25 00:47:37 - src.data_processor.data_loader - WARNING - 无法将列 timestamp 转换为浮点数，使用默认序列: could not convert string to float: '2129-04-06 00:25:00'
2025-05-25 00:47:37 - src.data_processor.data_loader - WARNING - 无法将列 timestamp 转换为浮点数，使用默认序列: could not convert string to float: '2178-12-18 04:06:00'
2025-05-25 00:47:37 - src.data_processor.data_loader - WARNING - 无法将列 timestamp 转换为浮点数，使用默认序列: could not convert string to float: '2141-12-17 10:24:25'
2025-05-25 00:47:37 - src.data_processor.data_loader - WARNING - 无法将列 timestamp 转换为浮点数，使用默认序列: could not convert string to float: '2157-08-03 03:13:00'
2025-05-25 00:47:37 - src.data_processor.data_loader - WARNING - 无法将列 timestamp 转换为浮点数，使用默认序列: could not convert string to float: '2189-06-27 08:42:00'
2025-05-25 00:47:37 - src.data_processor.data_loader - WARNING - 无法将列 timestamp 转换为浮点数，使用默认序列: could not convert string to float: '2141-05-22 20:18:01'
2025-05-25 00:47:37 - src.data_processor.data_loader - WARNING - 无法将列 timestamp 转换为浮点数，使用默认序列: could not convert string to float: '2120-01-10 01:02:16'
2025-05-25 00:47:37 - src.data_processor.data_loader - WARNING - 无法将列 timestamp 转换为浮点数，使用默认序列: could not convert string to float: '2131-01-11 04:20:05'
2025-05-25 00:47:37 - src.data_processor.data_loader - WARNING - 无法将列 timestamp 转换为浮点数，使用默认序列: could not convert string to float: '2186-12-10 07:02:07'
2025-05-25 00:47:37 - src.data_processor.data_loader - WARNING - 无法将列 timestamp 转换为浮点数，使用默认序列: could not convert string to float: '2131-01-05 00:50:00'
2025-05-25 00:47:37 - src.data_processor.data_loader - WARNING - 无法将列 timestamp 转换为浮点数，使用默认序列: could not convert string to float: '2186-11-12 19:55:00'
2025-05-25 00:47:37 - src.data_processor.data_loader - WARNING - 无法将列 timestamp 转换为浮点数，使用默认序列: could not convert string to float: '2183-10-18 00:47:00'
2025-05-25 00:47:37 - src.data_processor.data_loader - WARNING - 无法将列 timestamp 转换为浮点数，使用默认序列: could not convert string to float: '2143-12-06 06:00:00'
2025-05-25 00:47:37 - src.data_processor.data_loader - WARNING - 无法将列 timestamp 转换为浮点数，使用默认序列: could not convert string to float: '2135-03-23 00:22:00'
2025-05-25 00:47:37 - src.data_processor.data_loader - WARNING - 无法将列 timestamp 转换为浮点数，使用默认序列: could not convert string to float: '2137-02-25 23:37:19'
2025-05-25 00:47:37 - src.data_processor.data_loader - WARNING - 无法将列 timestamp 转换为浮点数，使用默认序列: could not convert string to float: '2168-04-12 09:34:52'
2025-05-25 00:47:37 - src.data_processor.data_loader - WARNING - 无法将列 timestamp 转换为浮点数，使用默认序列: could not convert string to float: '2145-09-28 20:59:43'
2025-05-25 00:47:37 - src.data_processor.data_loader - WARNING - 无法将列 timestamp 转换为浮点数，使用默认序列: could not convert string to float: '2182-10-24 20:38:16'
2025-05-25 00:47:37 - src.data_processor.data_loader - WARNING - 无法将列 timestamp 转换为浮点数，使用默认序列: could not convert string to float: '2138-02-25 21:05:00'
2025-05-25 00:47:37 - src.data_processor.data_loader - WARNING - 无法将列 timestamp 转换为浮点数，使用默认序列: could not convert string to float: '2175-10-08 18:58:00'
2025-05-25 00:47:37 - src.data_processor.data_loader - WARNING - 无法将列 timestamp 转换为浮点数，使用默认序列: could not convert string to float: '2161-04-27 10:38:12'
2025-05-25 00:47:37 - src.data_processor.data_loader - WARNING - 无法将列 timestamp 转换为浮点数，使用默认序列: could not convert string to float: '2185-04-17 17:58:22'
2025-05-25 00:47:37 - src.data_processor.data_loader - WARNING - 无法将列 timestamp 转换为浮点数，使用默认序列: could not convert string to float: '2111-11-13 23:40:00'
2025-05-25 00:47:37 - src.data_processor.data_loader - WARNING - 无法将列 timestamp 转换为浮点数，使用默认序列: could not convert string to float: '2143-03-08 22:03:00'
2025-05-25 00:47:37 - src.data_processor.data_loader - WARNING - 无法将列 timestamp 转换为浮点数，使用默认序列: could not convert string to float: '2111-01-17 09:44:50'
2025-05-25 00:47:37 - src.data_processor.data_loader - WARNING - 无法将列 timestamp 转换为浮点数，使用默认序列: could not convert string to float: '2168-11-15 13:27:00'
2025-05-25 00:47:37 - src.data_processor.data_loader - INFO - 创建了SimpleSepsisDataset，包含329名患者，329条序列
2025-05-25 00:47:37 - src.data_processor.data_loader - INFO - 列 creatinine 中的NaN和无穷大已替换为有效值
2025-05-25 00:47:37 - src.data_processor.data_loader - INFO - 列 chloride 中的NaN和无穷大已替换为有效值
2025-05-25 00:47:37 - src.data_processor.data_loader - WARNING - 无法将列 timestamp 转换为浮点数，使用默认序列: could not convert string to float: '2126-05-10 14:11:00'
2025-05-25 00:47:37 - src.data_processor.data_loader - WARNING - 无法将列 timestamp 转换为浮点数，使用默认序列: could not convert string to float: '2127-05-24 05:17:00'
2025-05-25 00:47:37 - src.data_processor.data_loader - WARNING - 无法将列 timestamp 转换为浮点数，使用默认序列: could not convert string to float: '2131-03-09 21:33:00'
2025-05-25 00:47:37 - src.data_processor.data_loader - WARNING - 无法将列 timestamp 转换为浮点数，使用默认序列: could not convert string to float: '2168-04-12 09:34:52'
2025-05-25 00:47:37 - src.data_processor.data_loader - WARNING - 无法将列 timestamp 转换为浮点数，使用默认序列: could not convert string to float: '2146-06-22 11:46:29'
2025-05-25 00:47:37 - src.data_processor.data_loader - WARNING - 无法将列 timestamp 转换为浮点数，使用默认序列: could not convert string to float: '2141-12-17 10:24:25'
2025-05-25 00:47:37 - src.data_processor.data_loader - WARNING - 无法将列 timestamp 转换为浮点数，使用默认序列: could not convert string to float: '2161-04-22 10:00:31'
2025-05-25 00:47:37 - src.data_processor.data_loader - WARNING - 无法将列 timestamp 转换为浮点数，使用默认序列: could not convert string to float: '2160-05-18 10:00:53'
2025-05-25 00:47:37 - src.data_processor.data_loader - WARNING - 无法将列 timestamp 转换为浮点数，使用默认序列: could not convert string to float: '2159-02-20 16:10:03'
2025-05-25 00:47:37 - src.data_processor.data_loader - WARNING - 无法将列 timestamp 转换为浮点数，使用默认序列: could not convert string to float: '2154-01-02 15:57:15'
2025-05-25 00:47:37 - src.data_processor.data_loader - WARNING - 无法将列 timestamp 转换为浮点数，使用默认序列: could not convert string to float: '2129-06-13 00:43:08'
2025-05-25 00:47:37 - src.data_processor.data_loader - WARNING - 无法将列 timestamp 转换为浮点数，使用默认序列: could not convert string to float: '2150-11-02 19:37:00'
2025-05-25 00:47:37 - src.data_processor.data_loader - WARNING - 无法将列 timestamp 转换为浮点数，使用默认序列: could not convert string to float: '2174-12-04 11:28:24'
2025-05-25 00:47:37 - src.data_processor.data_loader - WARNING - 无法将列 timestamp 转换为浮点数，使用默认序列: could not convert string to float: '2182-10-24 20:38:16'
2025-05-25 00:47:37 - src.data_processor.data_loader - WARNING - 无法将列 timestamp 转换为浮点数，使用默认序列: could not convert string to float: '2161-04-27 10:38:12'
2025-05-25 00:47:37 - src.data_processor.data_loader - WARNING - 无法将列 timestamp 转换为浮点数，使用默认序列: could not convert string to float: '2137-02-25 23:37:19'
2025-05-25 00:47:37 - src.data_processor.data_loader - WARNING - 无法将列 timestamp 转换为浮点数，使用默认序列: could not convert string to float: '2189-06-27 08:42:00'
2025-05-25 00:47:37 - src.data_processor.data_loader - WARNING - 无法将列 timestamp 转换为浮点数，使用默认序列: could not convert string to float: '2129-04-06 00:25:00'
2025-05-25 00:47:37 - src.data_processor.data_loader - WARNING - 无法将列 timestamp 转换为浮点数，使用默认序列: could not convert string to float: '2156-04-30 21:53:00'
2025-05-25 00:47:37 - src.data_processor.data_loader - WARNING - 无法将列 timestamp 转换为浮点数，使用默认序列: could not convert string to float: '2111-01-17 09:44:50'
2025-05-25 00:47:37 - src.data_processor.data_loader - WARNING - 无法将列 timestamp 转换为浮点数，使用默认序列: could not convert string to float: '2141-05-22 20:18:01'
2025-05-25 00:47:37 - src.data_processor.data_loader - WARNING - 无法将列 timestamp 转换为浮点数，使用默认序列: could not convert string to float: '2157-02-09 08:13:25'
2025-05-25 00:47:37 - src.data_processor.data_loader - WARNING - 无法将列 timestamp 转换为浮点数，使用默认序列: could not convert string to float: '2155-05-08 18:47:25'
2025-05-25 00:47:37 - src.data_processor.data_loader - WARNING - 无法将列 timestamp 转换为浮点数，使用默认序列: could not convert string to float: '2186-11-12 19:55:00'
2025-05-25 00:47:37 - src.data_processor.data_loader - WARNING - 无法将列 timestamp 转换为浮点数，使用默认序列: could not convert string to float: '2137-01-28 20:24:59'
2025-05-25 00:47:37 - src.data_processor.data_loader - WARNING - 无法将列 timestamp 转换为浮点数，使用默认序列: could not convert string to float: '2196-02-24 17:07:00'
2025-05-25 00:47:37 - src.data_processor.data_loader - WARNING - 无法将列 timestamp 转换为浮点数，使用默认序列: could not convert string to float: '2131-01-11 04:20:05'
2025-05-25 00:47:37 - src.data_processor.data_loader - WARNING - 无法将列 timestamp 转换为浮点数，使用默认序列: could not convert string to float: '2173-03-21 04:00:00'
2025-05-25 00:47:37 - src.data_processor.data_loader - WARNING - 无法将列 timestamp 转换为浮点数，使用默认序列: could not convert string to float: '2187-02-23 21:00:00'
2025-05-25 00:47:37 - src.data_processor.data_loader - WARNING - 无法将列 timestamp 转换为浮点数，使用默认序列: could not convert string to float: '2130-10-27 12:06:00'
2025-05-25 00:47:37 - src.data_processor.data_loader - WARNING - 无法将列 timestamp 转换为浮点数，使用默认序列: could not convert string to float: '2132-08-16 15:15:47'
2025-05-25 00:47:37 - src.data_processor.data_loader - WARNING - 无法将列 timestamp 转换为浮点数，使用默认序列: could not convert string to float: '2153-01-15 13:25:17'
2025-05-25 00:47:37 - src.data_processor.data_loader - WARNING - 无法将列 timestamp 转换为浮点数，使用默认序列: could not convert string to float: '2165-10-11 19:26:00'
2025-05-25 00:47:37 - src.data_processor.data_loader - WARNING - 无法将列 timestamp 转换为浮点数，使用默认序列: could not convert string to float: '2143-12-06 06:00:00'
2025-05-25 00:47:37 - src.data_processor.data_loader - WARNING - 无法将列 timestamp 转换为浮点数，使用默认序列: could not convert string to float: '2119-03-23 19:56:50'
2025-05-25 00:47:37 - src.data_processor.data_loader - WARNING - 无法将列 timestamp 转换为浮点数，使用默认序列: could not convert string to float: '2141-04-20 13:20:46'
2025-05-25 00:47:37 - src.data_processor.data_loader - WARNING - 无法将列 timestamp 转换为浮点数，使用默认序列: could not convert string to float: '2186-03-20 23:30:00'
2025-05-25 00:47:37 - src.data_processor.data_loader - WARNING - 无法将列 timestamp 转换为浮点数，使用默认序列: could not convert string to float: '2111-11-13 23:40:00'
2025-05-25 00:47:37 - src.data_processor.data_loader - WARNING - 无法将列 timestamp 转换为浮点数，使用默认序列: could not convert string to float: '2185-03-02 05:34:36'
2025-05-25 00:47:37 - src.data_processor.data_loader - WARNING - 无法将列 timestamp 转换为浮点数，使用默认序列: could not convert string to float: '2162-02-18 09:00:00'
2025-05-25 00:47:37 - src.data_processor.data_loader - INFO - 创建了SimpleSepsisDataset，包含341名患者，341条序列
2025-05-25 00:47:37 - __main__ - INFO - 构建知识图谱...
2025-05-25 00:47:37 - src.knowledge_graph.kg_builder - INFO - 构建医学本体...
2025-05-25 00:47:37 - src.knowledge_graph.kg_builder - INFO - 医学本体构建完成，包含30个实体，39个关系
2025-05-25 00:47:37 - src.knowledge_graph.kg_builder - INFO - 医学本体构建完成，包含30个实体，39个关系
2025-05-25 00:47:37 - src.knowledge_graph.kg_builder - INFO - 使用患者数据丰富知识图谱...
2025-05-25 00:47:37 - src.knowledge_graph.kg_builder - INFO - 使用患者数据丰富知识图谱...
2025-05-25 00:47:38 - src.knowledge_graph.kg_builder - INFO - 知识图谱丰富完成，现包含1428个实体，584个关系
2025-05-25 00:47:38 - src.knowledge_graph.kg_builder - INFO - 计算患者相似性并添加到知识图谱...
2025-05-25 00:48:50 - src.knowledge_graph.kg_builder - INFO - 添加了888个患者相似性关系
2025-05-25 00:48:50 - src.knowledge_graph.kg_builder - INFO - 知识图谱已保存到 ./output\knowledge_graph.pkl
2025-05-25 00:48:50 - src.knowledge_graph.kg_builder - INFO - 知识图谱已保存到 ./output\knowledge_graph.pkl
2025-05-25 00:48:50 - __main__ - INFO - 生成知识图谱嵌入，使用 TransE 方法...
2025-05-25 00:48:50 - src.knowledge_graph.kg_embedder - INFO - 训练TransE嵌入...
2025-05-25 00:48:50 - src.knowledge_graph.kg_embedder - INFO - 使用TransE方法训练知识图谱嵌入
2025-05-25 00:48:53 - src.knowledge_graph.kg_embedder - INFO - Epoch 1/30, Loss: 0.4906
2025-05-25 00:48:53 - src.knowledge_graph.kg_embedder - INFO - Epoch 2/30, Loss: 0.4602
2025-05-25 00:48:53 - src.knowledge_graph.kg_embedder - INFO - Epoch 3/30, Loss: 0.4221
2025-05-25 00:48:53 - src.knowledge_graph.kg_embedder - INFO - Epoch 4/30, Loss: 0.3634
2025-05-25 00:48:54 - src.knowledge_graph.kg_embedder - INFO - Epoch 5/30, Loss: 0.2944
2025-05-25 00:48:54 - src.knowledge_graph.kg_embedder - INFO - Epoch 6/30, Loss: 0.2129
2025-05-25 00:48:54 - src.knowledge_graph.kg_embedder - INFO - Epoch 7/30, Loss: 0.1297
2025-05-25 00:48:54 - src.knowledge_graph.kg_embedder - INFO - Epoch 8/30, Loss: 0.0793
2025-05-25 00:48:54 - src.knowledge_graph.kg_embedder - INFO - Epoch 9/30, Loss: 0.0488
2025-05-25 00:48:55 - src.knowledge_graph.kg_embedder - INFO - Epoch 10/30, Loss: 0.0323
2025-05-25 00:48:55 - src.knowledge_graph.kg_embedder - INFO - Epoch 11/30, Loss: 0.0244
2025-05-25 00:48:55 - src.knowledge_graph.kg_embedder - INFO - Epoch 12/30, Loss: 0.0213
2025-05-25 00:48:55 - src.knowledge_graph.kg_embedder - INFO - Epoch 13/30, Loss: 0.0207
2025-05-25 00:48:56 - src.knowledge_graph.kg_embedder - INFO - Epoch 14/30, Loss: 0.0135
2025-05-25 00:48:56 - src.knowledge_graph.kg_embedder - INFO - Epoch 15/30, Loss: 0.0160
2025-05-25 00:48:56 - src.knowledge_graph.kg_embedder - INFO - Epoch 16/30, Loss: 0.0155
2025-05-25 00:48:56 - src.knowledge_graph.kg_embedder - INFO - Epoch 17/30, Loss: 0.0146
2025-05-25 00:48:57 - src.knowledge_graph.kg_embedder - INFO - Epoch 18/30, Loss: 0.0159
2025-05-25 00:48:57 - src.knowledge_graph.kg_embedder - INFO - Epoch 19/30, Loss: 0.0138
2025-05-25 00:48:57 - src.knowledge_graph.kg_embedder - INFO - Epoch 20/30, Loss: 0.0133
2025-05-25 00:48:57 - src.knowledge_graph.kg_embedder - INFO - Epoch 21/30, Loss: 0.0120
2025-05-25 00:48:57 - src.knowledge_graph.kg_embedder - INFO - Epoch 22/30, Loss: 0.0108
2025-05-25 00:48:58 - src.knowledge_graph.kg_embedder - INFO - Epoch 23/30, Loss: 0.0126
2025-05-25 00:48:58 - src.knowledge_graph.kg_embedder - INFO - Epoch 24/30, Loss: 0.0111
2025-05-25 00:48:58 - src.knowledge_graph.kg_embedder - INFO - Epoch 25/30, Loss: 0.0123
2025-05-25 00:48:58 - src.knowledge_graph.kg_embedder - INFO - Epoch 26/30, Loss: 0.0114
2025-05-25 00:48:59 - src.knowledge_graph.kg_embedder - INFO - Epoch 27/30, Loss: 0.0145
2025-05-25 00:48:59 - src.knowledge_graph.kg_embedder - INFO - Epoch 28/30, Loss: 0.0115
2025-05-25 00:48:59 - src.knowledge_graph.kg_embedder - INFO - Epoch 29/30, Loss: 0.0117
2025-05-25 00:48:59 - src.knowledge_graph.kg_embedder - INFO - Epoch 30/30, Loss: 0.0103
2025-05-25 00:48:59 - src.knowledge_graph.kg_embedder - INFO - TransE嵌入已保存至 ./output\run_20250525_004736\TransE_embeddings.pkl
2025-05-25 00:48:59 - __main__ - INFO - 创建多模态Transformer模型...
2025-05-25 00:49:00 - __main__ - INFO - 验证模型正确性...
2025-05-25 00:49:02 - __main__ - INFO - 模型前向传播测试成功，输出形状: torch.Size([2, 25])
2025-05-25 00:49:02 - __main__ - INFO - 开始训练模型...
2025-05-25 00:49:02 - src.training.trainer - INFO - 开始训练，共50个epoch
2025-05-25 00:49:03 - src.training.trainer - WARNING - 批次 11 的所有位置都被掩码，设置第一个时间点为有效
2025-05-25 00:49:03 - src.training.trainer - WARNING - 批次 14 的所有位置都被掩码，设置第一个时间点为有效
2025-05-25 00:49:03 - src.training.trainer - WARNING - 批次 19 的所有位置都被掩码，设置第一个时间点为有效
2025-05-25 00:49:03 - src.training.trainer - WARNING - 批次 21 的所有位置都被掩码，设置第一个时间点为有效
2025-05-25 00:49:03 - src.training.trainer - WARNING - 批次 26 的所有位置都被掩码，设置第一个时间点为有效
2025-05-25 00:49:03 - src.training.trainer - WARNING - 批次 34 的所有位置都被掩码，设置第一个时间点为有效
2025-05-25 00:49:03 - src.training.trainer - WARNING - 批次 35 的所有位置都被掩码，设置第一个时间点为有效
2025-05-25 00:49:04 - src.training.trainer - WARNING - 批次 43 的所有位置都被掩码，设置第一个时间点为有效
2025-05-25 00:49:04 - src.training.trainer - WARNING - 验证批次 5 的所有位置都被掩码，设置第一个时间点为有效
2025-05-25 00:49:04 - src.training.trainer - WARNING - 验证批次 10 的所有位置都被掩码，设置第一个时间点为有效
2025-05-25 00:49:04 - src.training.trainer - INFO - Epoch 1/50 - Time: 1.73s - Train Loss: 0.0535 - Val Loss: 0.1250 - Train AUROC: 0.9883 - Val AUROC: 0.9925
2025-05-25 00:49:04 - src.training.trainer - INFO - Validation loss decreased (inf --> 0.125005). Saving model...
2025-05-25 00:49:04 - src.training.trainer - WARNING - 批次 2 的所有位置都被掩码，设置第一个时间点为有效
2025-05-25 00:49:04 - src.training.trainer - WARNING - 批次 11 的所有位置都被掩码，设置第一个时间点为有效
2025-05-25 00:49:05 - src.training.trainer - WARNING - 批次 13 的所有位置都被掩码，设置第一个时间点为有效
2025-05-25 00:49:05 - src.training.trainer - WARNING - 批次 22 的所有位置都被掩码，设置第一个时间点为有效
2025-05-25 00:49:05 - src.training.trainer - WARNING - 批次 31 的所有位置都被掩码，设置第一个时间点为有效
2025-05-25 00:49:05 - src.training.trainer - WARNING - 验证批次 5 的所有位置都被掩码，设置第一个时间点为有效
2025-05-25 00:49:06 - src.training.trainer - WARNING - 验证批次 10 的所有位置都被掩码，设置第一个时间点为有效
2025-05-25 00:49:06 - src.training.trainer - INFO - Epoch 2/50 - Time: 1.54s - Train Loss: 0.0271 - Val Loss: 0.0487 - Train AUROC: 0.9931 - Val AUROC: 0.9945
2025-05-25 00:49:06 - src.training.trainer - INFO - Validation loss decreased (0.125005 --> 0.048724). Saving model...
2025-05-25 00:49:06 - src.training.trainer - WARNING - 批次 18 的所有位置都被掩码，设置第一个时间点为有效
2025-05-25 00:49:06 - src.training.trainer - WARNING - 批次 25 的所有位置都被掩码，设置第一个时间点为有效
2025-05-25 00:49:07 - src.training.trainer - WARNING - 批次 36 的所有位置都被掩码，设置第一个时间点为有效
2025-05-25 00:49:07 - src.training.trainer - WARNING - 批次 37 的所有位置都被掩码，设置第一个时间点为有效
2025-05-25 00:49:07 - src.training.trainer - WARNING - 批次 39 的所有位置都被掩码，设置第一个时间点为有效
2025-05-25 00:49:07 - src.training.trainer - WARNING - 验证批次 5 的所有位置都被掩码，设置第一个时间点为有效
2025-05-25 00:49:07 - src.training.trainer - WARNING - 验证批次 10 的所有位置都被掩码，设置第一个时间点为有效
2025-05-25 00:49:07 - src.training.trainer - INFO - Epoch 3/50 - Time: 1.79s - Train Loss: 0.0216 - Val Loss: 0.0518 - Train AUROC: 0.9956 - Val AUROC: 0.9936
2025-05-25 00:49:07 - src.training.trainer - INFO - EarlyStopping counter: 1 out of 10
2025-05-25 00:49:08 - src.training.trainer - WARNING - 批次 7 的所有位置都被掩码，设置第一个时间点为有效
2025-05-25 00:49:08 - src.training.trainer - WARNING - 批次 8 的所有位置都被掩码，设置第一个时间点为有效
2025-05-25 00:49:09 - src.training.trainer - WARNING - 批次 32 的所有位置都被掩码，设置第一个时间点为有效
2025-05-25 00:49:09 - src.training.trainer - WARNING - 批次 38 的所有位置都被掩码，设置第一个时间点为有效
2025-05-25 00:49:09 - src.training.trainer - WARNING - 批次 41 的所有位置都被掩码，设置第一个时间点为有效
2025-05-25 00:49:09 - src.training.trainer - WARNING - 批次 43 的所有位置都被掩码，设置第一个时间点为有效
2025-05-25 00:49:10 - src.training.trainer - WARNING - 验证批次 5 的所有位置都被掩码，设置第一个时间点为有效
2025-05-25 00:49:10 - src.training.trainer - WARNING - 验证批次 10 的所有位置都被掩码，设置第一个时间点为有效
2025-05-25 00:49:10 - src.training.trainer - INFO - Epoch 4/50 - Time: 2.40s - Train Loss: 0.0195 - Val Loss: 0.0509 - Train AUROC: 0.9953 - Val AUROC: 0.9957
2025-05-25 00:49:10 - src.training.trainer - INFO - EarlyStopping counter: 2 out of 10
2025-05-25 00:49:10 - src.training.trainer - WARNING - 批次 6 的所有位置都被掩码，设置第一个时间点为有效
2025-05-25 00:49:10 - src.training.trainer - WARNING - 批次 11 的所有位置都被掩码，设置第一个时间点为有效
2025-05-25 00:49:11 - src.training.trainer - WARNING - 批次 22 的所有位置都被掩码，设置第一个时间点为有效
2025-05-25 00:49:11 - src.training.trainer - WARNING - 批次 26 的所有位置都被掩码，设置第一个时间点为有效
2025-05-25 00:49:12 - src.training.trainer - WARNING - 批次 29 的所有位置都被掩码，设置第一个时间点为有效
2025-05-25 00:49:13 - src.training.trainer - WARNING - 验证批次 5 的所有位置都被掩码，设置第一个时间点为有效
2025-05-25 00:49:13 - src.training.trainer - WARNING - 验证批次 10 的所有位置都被掩码，设置第一个时间点为有效
2025-05-25 00:49:13 - src.training.trainer - INFO - Epoch 5/50 - Time: 2.91s - Train Loss: 0.0192 - Val Loss: 0.0685 - Train AUROC: 0.9959 - Val AUROC: 0.9951
2025-05-25 00:49:13 - src.training.trainer - INFO - EarlyStopping counter: 3 out of 10
2025-05-25 00:49:13 - src.training.trainer - WARNING - 批次 0 的所有位置都被掩码，设置第一个时间点为有效
2025-05-25 00:49:13 - src.training.trainer - WARNING - 批次 5 的所有位置都被掩码，设置第一个时间点为有效
2025-05-25 00:49:14 - src.training.trainer - WARNING - 批次 27 的所有位置都被掩码，设置第一个时间点为有效
2025-05-25 00:49:14 - src.training.trainer - WARNING - 批次 28 的所有位置都被掩码，设置第一个时间点为有效
2025-05-25 00:49:14 - src.training.trainer - WARNING - 批次 33 的所有位置都被掩码，设置第一个时间点为有效
2025-05-25 00:49:14 - src.training.trainer - WARNING - 批次 34 的所有位置都被掩码，设置第一个时间点为有效
2025-05-25 00:49:14 - src.training.trainer - WARNING - 批次 35 的所有位置都被掩码，设置第一个时间点为有效
2025-05-25 00:49:15 - src.training.trainer - WARNING - 验证批次 5 的所有位置都被掩码，设置第一个时间点为有效
2025-05-25 00:49:15 - src.training.trainer - WARNING - 验证批次 10 的所有位置都被掩码，设置第一个时间点为有效
2025-05-25 00:49:15 - src.training.trainer - INFO - Epoch 6/50 - Time: 2.45s - Train Loss: 0.0171 - Val Loss: 0.0494 - Train AUROC: 0.9963 - Val AUROC: 0.9951
2025-05-25 00:49:15 - src.training.trainer - INFO - EarlyStopping counter: 4 out of 10
2025-05-25 00:49:15 - src.training.trainer - WARNING - 批次 0 的所有位置都被掩码，设置第一个时间点为有效
2025-05-25 00:49:15 - src.training.trainer - WARNING - 批次 4 的所有位置都被掩码，设置第一个时间点为有效
2025-05-25 00:49:16 - src.training.trainer - WARNING - 批次 8 的所有位置都被掩码，设置第一个时间点为有效
2025-05-25 00:49:16 - src.training.trainer - WARNING - 批次 15 的所有位置都被掩码，设置第一个时间点为有效
2025-05-25 00:49:16 - src.training.trainer - WARNING - 批次 21 的所有位置都被掩码，设置第一个时间点为有效
2025-05-25 00:49:17 - src.training.trainer - WARNING - 批次 37 的所有位置都被掩码，设置第一个时间点为有效
2025-05-25 00:49:17 - src.training.trainer - WARNING - 批次 43 的所有位置都被掩码，设置第一个时间点为有效
2025-05-25 00:49:17 - src.training.trainer - WARNING - 验证批次 5 的所有位置都被掩码，设置第一个时间点为有效
2025-05-25 00:49:17 - src.training.trainer - WARNING - 验证批次 10 的所有位置都被掩码，设置第一个时间点为有效
2025-05-25 00:49:17 - src.training.trainer - INFO - Epoch 7/50 - Time: 2.21s - Train Loss: 0.0148 - Val Loss: 0.0439 - Train AUROC: 0.9971 - Val AUROC: 0.9944
2025-05-25 00:49:17 - src.training.trainer - INFO - Validation loss decreased (0.048724 --> 0.043866). Saving model...
2025-05-25 00:49:18 - src.training.trainer - WARNING - 批次 6 的所有位置都被掩码，设置第一个时间点为有效
2025-05-25 00:49:18 - src.training.trainer - WARNING - 批次 10 的所有位置都被掩码，设置第一个时间点为有效
2025-05-25 00:49:18 - src.training.trainer - WARNING - 批次 15 的所有位置都被掩码，设置第一个时间点为有效
2025-05-25 00:49:19 - src.training.trainer - WARNING - 批次 24 的所有位置都被掩码，设置第一个时间点为有效
2025-05-25 00:49:19 - src.training.trainer - WARNING - 批次 25 的所有位置都被掩码，设置第一个时间点为有效
