2025-04-15 08:13:00,171 [INFO] 开始数据处理流程，时间: 2025-04-15 08:13:00
2025-04-15 08:13:00,171 [INFO] 加载患者基本信息...
2025-04-15 08:13:00,418 [INFO] 加载了 74829 名患者的基本信息
2025-04-15 08:13:00,663 [INFO] 加载生命体征数据...
2025-04-15 08:13:01,101 [INFO] 加载了 456046 条生命体征记录
2025-04-15 08:13:01,394 [INFO] 加载实验室检查数据...
2025-04-15 08:13:01,504 [INFO] 加载了 93774 条实验室检查记录
2025-04-15 08:13:01,552 [INFO] 创建时间序列数据...
2025-04-15 08:13:01,557 [INFO] 处理 54551 名患者的时间序列数据
2025-04-15 08:13:01,557 [INFO] 处理第 1/54551 名患者
2025-04-15 08:13:39,861 [INFO] 处理第 101/54551 名患者
2025-04-15 08:14:20,774 [INFO] 处理第 201/54551 名患者
2025-04-15 08:14:48,611 [INFO] 处理第 301/54551 名患者
2025-04-15 08:15:16,798 [INFO] 处理第 401/54551 名患者
2025-04-15 08:15:47,797 [INFO] 处理第 501/54551 名患者
2025-04-15 08:16:11,107 [INFO] 处理第 601/54551 名患者
2025-04-15 08:16:36,927 [INFO] 处理第 701/54551 名患者
2025-04-15 08:17:09,234 [INFO] 处理第 801/54551 名患者
2025-04-15 08:17:38,854 [INFO] 处理第 901/54551 名患者
2025-04-15 08:18:00,208 [INFO] 处理第 1001/54551 名患者
2025-04-15 08:18:23,980 [INFO] 处理第 1101/54551 名患者
2025-04-15 08:18:51,886 [INFO] 处理第 1201/54551 名患者
2025-04-15 08:19:17,577 [INFO] 处理第 1301/54551 名患者
2025-04-15 08:19:47,005 [INFO] 处理第 1401/54551 名患者
2025-04-15 08:20:09,630 [INFO] 处理第 1501/54551 名患者
2025-04-15 08:20:29,163 [INFO] 处理第 1601/54551 名患者
2025-04-15 08:20:55,109 [INFO] 处理第 1701/54551 名患者
2025-04-15 08:21:18,355 [INFO] 处理第 1801/54551 名患者
2025-04-15 08:21:41,670 [INFO] 处理第 1901/54551 名患者
2025-04-15 08:22:08,063 [INFO] 处理第 2001/54551 名患者
2025-04-15 08:22:31,053 [INFO] 处理第 2101/54551 名患者
2025-04-15 08:22:53,693 [INFO] 处理第 2201/54551 名患者
2025-04-15 08:23:15,583 [INFO] 处理第 2301/54551 名患者
2025-04-15 08:23:39,660 [INFO] 处理第 2401/54551 名患者
2025-04-15 08:24:03,627 [INFO] 处理第 2501/54551 名患者
2025-04-15 08:24:27,643 [INFO] 处理第 2601/54551 名患者
2025-04-15 08:24:51,325 [INFO] 处理第 2701/54551 名患者
2025-04-15 08:25:15,607 [INFO] 处理第 2801/54551 名患者
2025-04-15 08:25:39,713 [INFO] 处理第 2901/54551 名患者
2025-04-15 08:26:02,698 [INFO] 处理第 3001/54551 名患者
2025-04-15 08:26:27,096 [INFO] 处理第 3101/54551 名患者
2025-04-15 08:26:50,338 [INFO] 处理第 3201/54551 名患者
2025-04-15 08:27:12,342 [INFO] 处理第 3301/54551 名患者
2025-04-15 08:27:36,150 [INFO] 处理第 3401/54551 名患者
2025-04-15 08:27:59,758 [INFO] 处理第 3501/54551 名患者
2025-04-15 08:28:26,654 [INFO] 处理第 3601/54551 名患者
2025-04-15 08:29:00,553 [INFO] 处理第 3701/54551 名患者
2025-04-15 08:29:16,937 [INFO] 开始数据处理流程，时间: 2025-04-15 08:29:16
2025-04-15 08:29:16,938 [INFO] 参数设置: 最大患者数量=None, 样本患者数量=5000
2025-04-15 08:29:16,938 [INFO] 加载患者基本信息...
2025-04-15 08:29:17,124 [INFO] 加载了 74829 名患者的基本信息
2025-04-15 08:29:17,235 [INFO] 加载生命体征数据...
2025-04-15 08:29:17,506 [INFO] 加载了 456046 条生命体征记录
2025-04-15 08:29:17,685 [INFO] 加载实验室检查数据...
2025-04-15 08:29:17,750 [INFO] 加载了 93774 条实验室检查记录
2025-04-15 08:29:17,783 [INFO] 从 74829 名患者中随机采样 5000 名患者
2025-04-15 08:29:17,795 [INFO] 采样后患者数量: 6974
2025-04-15 08:29:17,795 [INFO] 创建时间序列数据...
2025-04-15 08:29:17,796 [INFO] 处理 5000 名患者的时间序列数据
2025-04-15 08:29:17,796 [INFO] 处理第 1/5000 名患者
2025-04-15 08:29:43,233 [INFO] 处理第 101/5000 名患者
2025-04-15 08:30:05,922 [INFO] 处理第 201/5000 名患者
2025-04-15 08:30:27,529 [INFO] 处理第 301/5000 名患者
2025-04-15 08:30:54,828 [INFO] 处理第 401/5000 名患者
2025-04-15 08:31:22,543 [INFO] 处理第 501/5000 名患者
2025-04-15 08:31:44,250 [INFO] 处理第 601/5000 名患者
2025-04-15 08:32:13,855 [INFO] 处理第 701/5000 名患者
2025-04-15 08:32:39,928 [INFO] 处理第 801/5000 名患者
2025-04-15 08:33:15,540 [INFO] 处理第 901/5000 名患者
2025-04-15 08:33:47,860 [INFO] 处理第 1001/5000 名患者
2025-04-15 08:34:07,496 [INFO] 处理第 1101/5000 名患者
2025-04-15 08:34:31,275 [INFO] 处理第 1201/5000 名患者
2025-04-15 08:34:52,735 [INFO] 处理第 1301/5000 名患者
2025-04-15 08:35:19,421 [INFO] 处理第 1401/5000 名患者
2025-04-15 08:35:41,388 [INFO] 处理第 1501/5000 名患者
2025-04-15 08:36:09,255 [INFO] 处理第 1601/5000 名患者
2025-04-15 08:36:32,462 [INFO] 处理第 1701/5000 名患者
2025-04-15 08:37:01,175 [INFO] 处理第 1801/5000 名患者
2025-04-15 08:37:28,056 [INFO] 处理第 1901/5000 名患者
2025-04-15 08:37:49,291 [INFO] 处理第 2001/5000 名患者
2025-04-15 08:38:14,469 [INFO] 处理第 2101/5000 名患者
2025-04-15 08:38:38,066 [INFO] 处理第 2201/5000 名患者
2025-04-15 08:39:02,203 [INFO] 处理第 2301/5000 名患者
2025-04-15 08:39:30,939 [INFO] 处理第 2401/5000 名患者
2025-04-15 08:40:05,426 [INFO] 处理第 2501/5000 名患者
2025-04-15 08:40:30,453 [INFO] 处理第 2601/5000 名患者
2025-04-15 08:40:55,962 [INFO] 处理第 2701/5000 名患者
2025-04-15 08:41:18,896 [INFO] 处理第 2801/5000 名患者
2025-04-15 08:41:43,503 [INFO] 处理第 2901/5000 名患者
2025-04-15 08:42:07,908 [INFO] 处理第 3001/5000 名患者
2025-04-15 08:42:30,396 [INFO] 处理第 3101/5000 名患者
2025-04-15 08:42:55,402 [INFO] 处理第 3201/5000 名患者
2025-04-15 08:43:18,943 [INFO] 处理第 3301/5000 名患者
2025-04-15 08:43:37,838 [INFO] 处理第 3401/5000 名患者
2025-04-15 08:43:56,946 [INFO] 处理第 3501/5000 名患者
2025-04-15 08:44:20,226 [INFO] 处理第 3601/5000 名患者
2025-04-15 08:44:45,940 [INFO] 处理第 3701/5000 名患者
2025-04-15 08:45:12,454 [INFO] 处理第 3801/5000 名患者
2025-04-15 08:45:38,823 [INFO] 处理第 3901/5000 名患者
2025-04-15 08:46:01,297 [INFO] 处理第 4001/5000 名患者
2025-04-15 08:46:26,001 [INFO] 处理第 4101/5000 名患者
2025-04-15 08:46:52,227 [INFO] 处理第 4201/5000 名患者
2025-04-15 08:47:15,557 [INFO] 处理第 4301/5000 名患者
2025-04-15 08:47:39,438 [INFO] 处理第 4401/5000 名患者
2025-04-15 08:48:06,015 [INFO] 处理第 4501/5000 名患者
2025-04-15 08:48:34,464 [INFO] 处理第 4601/5000 名患者
2025-04-15 08:49:07,295 [INFO] 处理第 4701/5000 名患者
2025-04-15 08:49:36,739 [INFO] 处理第 4801/5000 名患者
2025-04-15 08:49:58,913 [INFO] 处理第 4901/5000 名患者
2025-04-15 08:50:28,427 [INFO] 创建了 504069 条时间序列记录
2025-04-15 08:50:28,568 [INFO] 创建机器学习数据集...
2025-04-15 08:51:55,048 [INFO] 创建了包含 384069 条记录和 105 个特征的数据集
2025-04-15 08:51:55,606 [INFO] 分割数据集...
2025-04-15 08:51:55,835 [INFO] 训练集: 267184 记录, 3500 名患者
2025-04-15 08:51:55,836 [INFO] 验证集: 61336 记录, 750 名患者
2025-04-15 08:51:55,836 [INFO] 测试集: 55549 记录, 750 名患者
2025-04-15 08:51:55,836 [INFO] 保存处理后的数据...
2025-04-15 08:52:11,010 [INFO] 数据已保存到 D:\Documents\Downloads\ai\project\data\processed
2025-04-15 08:52:11,018 [INFO] 数据处理完成，总耗时: 1374.07 秒 (22.90 分钟)
2025-04-15 11:24:49,526 [INFO] 开始数据处理流程，时间: 2025-04-15 11:24:49
2025-04-15 11:24:49,532 [INFO] 参数设置: 最大患者数量=None, 样本患者数量=1000
2025-04-15 11:24:49,532 [INFO] 加载患者基本信息...
2025-04-15 11:24:49,743 [INFO] 加载了 74829 名患者的基本信息
2025-04-15 11:24:49,870 [INFO] 加载生命体征数据...
2025-04-15 11:24:50,150 [INFO] 加载了 456046 条生命体征记录
2025-04-15 11:24:50,322 [INFO] 加载实验室检查数据...
2025-04-15 11:24:50,385 [INFO] 加载了 93774 条实验室检查记录
2025-04-15 11:24:50,415 [INFO] 从 74829 名患者中随机采样 1000 名患者
2025-04-15 11:24:50,425 [INFO] 采样后患者数量: 1375
2025-04-15 11:24:50,426 [INFO] 创建时间序列数据...
2025-04-15 11:24:50,426 [INFO] 处理 1000 名患者的时间序列数据
2025-04-15 11:24:50,427 [INFO] 处理第 1/1000 名患者
2025-04-15 11:25:13,225 [INFO] 处理第 101/1000 名患者
2025-04-15 11:25:41,218 [INFO] 处理第 201/1000 名患者
2025-04-15 11:26:01,264 [INFO] 处理第 301/1000 名患者
2025-04-15 11:26:27,430 [INFO] 处理第 401/1000 名患者
2025-04-15 11:27:03,344 [INFO] 处理第 501/1000 名患者
2025-04-15 11:27:33,801 [INFO] 处理第 601/1000 名患者
2025-04-15 11:27:56,400 [INFO] 处理第 701/1000 名患者
2025-04-15 11:28:22,391 [INFO] 处理第 801/1000 名患者
2025-04-15 11:28:48,251 [INFO] 处理第 901/1000 名患者
2025-04-15 11:29:23,359 [INFO] 创建了 99284 条时间序列记录
2025-04-15 11:29:23,399 [INFO] 创建机器学习数据集...
2025-04-15 11:29:41,633 [INFO] 创建了包含 75284 条记录和 105 个特征的数据集
2025-04-15 11:29:41,763 [INFO] 分割数据集...
2025-04-15 11:29:41,835 [INFO] 训练集: 51668 记录, 700 名患者
2025-04-15 11:29:41,836 [INFO] 验证集: 10654 记录, 150 名患者
2025-04-15 11:29:41,836 [INFO] 测试集: 12962 记录, 150 名患者
2025-04-15 11:29:41,836 [INFO] 保存处理后的数据...
2025-04-15 11:29:45,158 [INFO] 数据已保存到 D:\Documents\Downloads\ai\project\data\processed
2025-04-15 11:29:45,158 [INFO] 数据处理完成，总耗时: 295.63 秒 (4.93 分钟)
2025-05-22 00:28:54,522 [INFO] 开始数据处理流程，时间: 2025-05-22 00:28:54
2025-05-22 00:28:54,522 [INFO] 参数设置: 最大患者数量=None, 样本患者数量=1000
2025-05-22 00:28:54,522 [INFO] 加载患者基本信息...
2025-05-22 00:28:54,799 [INFO] 加载了 74829 名患者的基本信息
2025-05-22 00:28:55,049 [INFO] 加载生命体征数据...
2025-05-22 00:28:55,593 [INFO] 加载了 456046 条生命体征记录
2025-05-22 00:28:55,906 [INFO] 加载实验室检查数据...
2025-05-22 00:28:56,022 [INFO] 加载了 93774 条实验室检查记录
2025-05-22 00:28:56,093 [INFO] 从 74829 名患者中随机采样 1000 名患者
2025-05-22 00:28:56,117 [INFO] 采样后患者数量: 1375
2025-05-22 00:28:56,117 [INFO] 创建时间序列数据...
2025-05-22 00:28:56,117 [INFO] 处理 1000 名患者的时间序列数据
2025-05-22 00:28:56,117 [INFO] 处理第 1/1000 名患者
2025-05-22 00:29:51,571 [INFO] 处理第 101/1000 名患者
2025-05-22 00:31:03,382 [INFO] 处理第 201/1000 名患者
2025-05-22 00:31:53,672 [INFO] 处理第 301/1000 名患者
2025-05-22 00:33:01,388 [INFO] 处理第 401/1000 名患者
2025-05-22 00:34:17,941 [INFO] 处理第 501/1000 名患者
2025-05-22 00:35:16,765 [INFO] 处理第 601/1000 名患者
2025-05-22 00:36:14,109 [INFO] 处理第 701/1000 名患者
2025-05-22 00:37:21,089 [INFO] 处理第 801/1000 名患者
2025-05-22 00:38:28,012 [INFO] 处理第 901/1000 名患者
2025-05-22 00:39:45,030 [INFO] 创建了 99284 条时间序列记录
2025-05-22 00:39:45,080 [INFO] 创建机器学习数据集...
2025-05-22 00:40:27,629 [INFO] 创建了包含 75284 条记录和 105 个特征的数据集
2025-05-22 00:40:27,837 [INFO] 分割数据集...
2025-05-22 00:40:27,998 [INFO] 训练集: 51668 记录, 700 名患者
2025-05-22 00:40:28,000 [INFO] 验证集: 10654 记录, 150 名患者
2025-05-22 00:40:28,000 [INFO] 测试集: 12962 记录, 150 名患者
2025-05-22 00:40:28,000 [INFO] 保存处理后的数据...
2025-05-22 00:40:35,336 [INFO] 数据已保存到 D:\Documents\Downloads\ai\project\data\processed
2025-05-22 00:40:35,336 [INFO] 数据处理完成，总耗时: 700.81 秒 (11.68 分钟)
