2025-04-15 08:05:27,403 [INFO] 开始数据提取流程，时间: 2025-04-15 08:05:27
2025-04-15 08:05:27,403 [INFO] 连接到数据库: 172.16.3.67:5432/mimiciv
2025-04-15 08:05:27,700 [INFO] 优化数据库连接设置...
2025-04-15 08:05:27,759 [INFO] 数据库连接优化完成
2025-04-15 08:05:27,759 [INFO] 获取ICU患者数据 (最小停留时间: 24小时)...
2025-04-15 08:05:30,369 [INFO] 找到 74829 名符合条件的ICU患者
2025-04-15 08:05:30,369 [INFO] 获取脓毒症患者数据...
2025-04-15 08:05:32,718 [INFO] 检索到 57837 名脓毒症患者
2025-04-15 08:05:32,718 [INFO] 合并ICU患者和脓毒症患者数据...
2025-04-15 08:05:32,775 [INFO] 合并后总患者数: 74829
2025-04-15 08:05:32,776 [INFO] 脓毒症患者数: 49156 (65.69%)
2025-04-15 08:05:33,232 [INFO] 数据已保存到 D:\Documents\Downloads\ai\project\data\patients_info.csv
2025-04-15 08:05:33,233 [INFO] 从 74829 名患者中采样 1000 名进行详细数据提取
2025-04-15 08:05:33,245 [INFO] 数据已保存到 D:\Documents\Downloads\ai\project\data\sampled_patients.csv
2025-04-15 08:05:33,246 [INFO] 提取生命体征数据...
2025-04-15 08:08:59,882 [INFO] 提取了 456046 条生命体征记录
2025-04-15 08:08:59,883 [INFO] 提取实验室检查数据...
2025-04-15 08:09:07,173 [INFO] 提取了 93774 条实验室检查记录
2025-04-15 08:09:08,640 [INFO] 数据已保存到 D:\Documents\Downloads\ai\project\data\vital_signs.csv
2025-04-15 08:09:08,936 [INFO] 数据已保存到 D:\Documents\Downloads\ai\project\data\lab_values.csv
2025-04-15 08:09:08,936 [INFO] 数据提取完成，总耗时: 221.53 秒 (3.69 分钟)
2025-04-15 08:09:08,936 [INFO] 数据提取摘要:
2025-04-15 08:09:08,937 [INFO] - 总ICU患者数: 74829
2025-04-15 08:09:08,937 [INFO] - 脓毒症患者数: 57837
2025-04-15 08:09:08,937 [INFO] - 采样患者数: 1000
2025-04-15 08:09:08,937 [INFO] - 提取的生命体征记录数: 456046
2025-04-15 08:09:08,937 [INFO] - 提取的实验室检查记录数: 93774
