2025-04-15 11:33:14,559 [INFO] 开始数据格式转换...
2025-04-15 11:33:14,560 [INFO] 加载处理好的数据...
2025-04-15 11:33:14,918 [INFO] 加载了 51668 条训练记录，10654 条验证记录，12962 条测试记录
2025-04-15 11:33:14,942 [INFO] 合并后共有 75284 条记录
2025-04-15 11:33:14,942 [INFO] 转换数据格式...
2025-04-15 11:33:15,098 [INFO] 创建知识图谱嵌入...
2025-04-15 11:33:15,099 [INFO] 创建时间轴信息...
2025-04-15 11:33:15,100 [INFO] 保存转换后的数据...
2025-04-15 11:33:20,404 [INFO] 患者特征已保存到: D:\Documents\Downloads\ai\project\data\processed\patient_features.csv
2025-04-15 11:33:20,596 [INFO] 脓毒症标签已保存到: D:\Documents\Downloads\ai\project\data\processed\sepsis_labels.csv
2025-04-15 11:33:20,596 [INFO] 知识图谱嵌入已保存到: D:\Documents\Downloads\ai\project\data\processed\kg_embeddings.npy
2025-04-15 11:33:20,597 [INFO] 时间轴信息已保存到: D:\Documents\Downloads\ai\project\data\processed\time_axis.json
2025-04-15 11:33:20,597 [INFO] 数据格式转换完成，耗时: 6.04 秒
2025-05-22 00:41:18,623 [INFO] 开始数据格式转换...
2025-05-22 00:41:18,625 [INFO] 加载处理好的数据...
2025-05-22 00:41:19,207 [INFO] 加载了 51668 条训练记录，10654 条验证记录，12962 条测试记录
2025-05-22 00:41:19,239 [INFO] 合并后共有 75284 条记录
2025-05-22 00:41:19,239 [INFO] 转换数据格式...
2025-05-22 00:41:19,528 [INFO] 创建知识图谱嵌入...
2025-05-22 00:41:19,532 [INFO] 创建时间轴信息...
2025-05-22 00:41:19,536 [INFO] 保存转换后的数据...
2025-05-22 00:41:31,099 [INFO] 患者特征已保存到: D:\Documents\Downloads\ai\project\data\processed\patient_features.csv
2025-05-22 00:41:31,468 [INFO] 脓毒症标签已保存到: D:\Documents\Downloads\ai\project\data\processed\sepsis_labels.csv
2025-05-22 00:41:31,472 [INFO] 知识图谱嵌入已保存到: D:\Documents\Downloads\ai\project\data\processed\kg_embeddings.npy
2025-05-22 00:41:31,476 [INFO] 时间轴信息已保存到: D:\Documents\Downloads\ai\project\data\processed\time_axis.json
2025-05-22 00:41:31,476 [INFO] 数据格式转换完成，耗时: 12.85 秒
2025-05-22 00:48:55,077 [INFO] 开始数据格式转换...
2025-05-22 00:48:55,081 [INFO] 加载处理好的数据...
2025-05-22 00:48:55,651 [INFO] 加载了 51668 条训练记录，10654 条验证记录，12962 条测试记录
2025-05-22 00:48:55,684 [INFO] 合并后共有 75284 条记录
2025-05-22 00:48:55,684 [INFO] 转换数据格式...
2025-05-22 00:48:56,000 [INFO] 创建知识图谱嵌入...
2025-05-22 00:48:56,008 [INFO] 创建时间轴信息...
2025-05-22 00:48:56,009 [INFO] 保存转换后的数据...
2025-05-22 00:49:07,402 [INFO] 患者特征已保存到: D:\Documents\Downloads\ai\project\data\processed\patient_features.csv
2025-05-22 00:49:07,742 [INFO] 脓毒症标签已保存到: D:\Documents\Downloads\ai\project\data\processed\sepsis_labels.csv
2025-05-22 00:49:07,746 [INFO] 知识图谱嵌入已保存到: D:\Documents\Downloads\ai\project\data\processed\kg_embeddings.npy
2025-05-22 00:49:07,748 [INFO] 时间轴信息已保存到: D:\Documents\Downloads\ai\project\data\processed\time_axis.json
2025-05-22 00:49:07,748 [INFO] 数据格式转换完成，耗时: 12.67 秒
